BookAndroidHero/Chapter_1/app/build/outputs/logs/manifest-merger-debug-report.txt
-- Merging decision tree log ---
manifest
ADDED from src\main\AndroidManifest.xml:2:1-54:12
	package
		ADDED from src\main\AndroidManifest.xml:3:5-32
		INJECTED from src\main\AndroidManifest.xml
		INJECTED from src\main\AndroidManifest.xml
	android:versionName
		ADDED from src\main\AndroidManifest.xml:5:5-30
		INJECTED from src\main\AndroidManifest.xml
		INJECTED from src\main\AndroidManifest.xml
	android:versionCode
		ADDED from src\main\AndroidManifest.xml:4:5-28
		INJECTED from src\main\AndroidManifest.xml
		INJECTED from src\main\AndroidManifest.xml
	xmlns:android
		ADDED from src\main\AndroidManifest.xml:2:11-69
uses-sdk
ADDED from src\main\AndroidManifest.xml:7:5-9:41
	android:targetSdkVersion
		ADDED from src\main\AndroidManifest.xml:9:9-38
		INJECTED from src\main\AndroidManifest.xml
		INJECTED from src\main\AndroidManifest.xml
	android:minSdkVersion
		ADDED from src\main\AndroidManifest.xml:8:9-34
		INJECTED from src\main\AndroidManifest.xml
		INJECTED from src\main\AndroidManifest.xml
application
ADDED from src\main\AndroidManifest.xml:13:5-52:19
	android:label
		ADDED from src\main\AndroidManifest.xml:16:9-41
	android:allowBackup
		ADDED from src\main\AndroidManifest.xml:14:9-35
	android:icon
		ADDED from src\main\AndroidManifest.xml:15:9-45
	android:theme
		ADDED from src\main\AndroidManifest.xml:17:9-40
activity#com.ryg.chapter_1.MainActivity
ADDED from src\main\AndroidManifest.xml:18:9-28:20
	android:label
		ADDED from src\main\AndroidManifest.xml:21:13-45
	android:launchMode
		ADDED from src\main\AndroidManifest.xml:22:13-42
	android:configChanges
		ADDED from src\main\AndroidManifest.xml:20:13-59
	android:name
		ADDED from src\main\AndroidManifest.xml:19:13-58
intent-filter#android.intent.action.MAIN+android.intent.category.LAUNCHER
ADDED from src\main\AndroidManifest.xml:23:13-27:29
action#android.intent.action.MAIN
ADDED from src\main\AndroidManifest.xml:24:17-69
	android:name
		ADDED from src\main\AndroidManifest.xml:24:25-66
category#android.intent.category.LAUNCHER
ADDED from src\main\AndroidManifest.xml:26:17-77
	android:name
		ADDED from src\main\AndroidManifest.xml:26:27-74
activity#com.ryg.chapter_1.SecondActivity
ADDED from src\main\AndroidManifest.xml:29:9-34:52
	android:label
		ADDED from src\main\AndroidManifest.xml:32:13-45
	android:launchMode
		ADDED from src\main\AndroidManifest.xml:33:13-42
	android:configChanges
		ADDED from src\main\AndroidManifest.xml:31:13-49
	android:taskAffinity
		ADDED from src\main\AndroidManifest.xml:34:13-49
	android:name
		ADDED from src\main\AndroidManifest.xml:30:13-60
activity#com.ryg.chapter_1.ThirdActivity
ADDED from src\main\AndroidManifest.xml:35:9-51:20
	android:label
		ADDED from src\main\AndroidManifest.xml:38:13-45
	android:launchMode
		ADDED from src\main\AndroidManifest.xml:39:13-44
	android:configChanges
		ADDED from src\main\AndroidManifest.xml:37:13-49
	android:taskAffinity
		ADDED from src\main\AndroidManifest.xml:40:13-49
	android:name
		ADDED from src\main\AndroidManifest.xml:36:13-59
intent-filter#android.intent.category.DEFAULT+com.ryg.category.c+com.ryg.category.d+com.ryg.charpter_1.c+com.ryg.charpter_1.d
ADDED from src\main\AndroidManifest.xml:41:13-50:29
action#com.ryg.charpter_1.c
ADDED from src\main\AndroidManifest.xml:42:17-63
	android:name
		ADDED from src\main\AndroidManifest.xml:42:25-60
action#com.ryg.charpter_1.d
ADDED from src\main\AndroidManifest.xml:43:17-63
	android:name
		ADDED from src\main\AndroidManifest.xml:43:25-60
category#com.ryg.category.c
ADDED from src\main\AndroidManifest.xml:45:17-63
	android:name
		ADDED from src\main\AndroidManifest.xml:45:27-60
category#com.ryg.category.d
ADDED from src\main\AndroidManifest.xml:46:17-63
	android:name
		ADDED from src\main\AndroidManifest.xml:46:27-60
category#android.intent.category.DEFAULT
ADDED from src\main\AndroidManifest.xml:47:17-76
	android:name
		ADDED from src\main\AndroidManifest.xml:47:27-73
data
ADDED from src\main\AndroidManifest.xml:49:17-55
	android:mimeType
		ADDED from src\main\AndroidManifest.xml:49:23-52